c:\users\administrator\desktop\paradisefn\build\vc143.pdb
c:\users\administrator\desktop\paradisefn\build\imgui_widgets.obj
c:\users\administrator\desktop\paradisefn\build\imgui_tables.obj
c:\users\administrator\desktop\paradisefn\build\imgui_draw.obj
c:\users\administrator\desktop\paradisefn\build\imgui_demo.obj
c:\users\administrator\desktop\paradisefn\build\imgui.obj
c:\users\administrator\desktop\paradisefn\build\imgui_impl_win32.obj
c:\users\administrator\desktop\paradisefn\build\imgui_impl_dx11.obj
c:\users\administrator\desktop\paradisefn\build\entry.obj
c:\users\administrator\desktop\paradisefn\build\cache.obj
c:\users\administrator\desktop\paradisefn\build\visuals.obj
c:\users\administrator\desktop\paradisefn\build\render.obj
c:\users\administrator\desktop\paradisefn\build\menu.obj
c:\users\administrator\desktop\paradisefn\build\aimbot.obj
c:\users\administrator\desktop\paradisefn\build\jeremy's base.exe
c:\users\administrator\desktop\paradisefn\build\jeremy's base.pdb
c:\users\administrator\desktop\paradisefn\build\jeremy's base.ipdb
c:\users\administrator\desktop\paradisefn\build\jeremy's base.iobj
c:\users\administrator\desktop\paradisefn\build\backend.obj
c:\users\administrator\desktop\paradisefn\build\jeremy's base.tlog\cl.command.1.tlog
c:\users\administrator\desktop\paradisefn\build\jeremy's base.tlog\cl.items.tlog
c:\users\administrator\desktop\paradisefn\build\jeremy's base.tlog\cl.read.1.tlog
c:\users\administrator\desktop\paradisefn\build\jeremy's base.tlog\cl.write.1.tlog
c:\users\administrator\desktop\paradisefn\build\jeremy's base.tlog\link.command.1.tlog
c:\users\administrator\desktop\paradisefn\build\jeremy's base.tlog\link.read.1.tlog
c:\users\administrator\desktop\paradisefn\build\jeremy's base.tlog\link.secondary.1.tlog
c:\users\administrator\desktop\paradisefn\build\jeremy's base.tlog\link.write.1.tlog
